  [1m[36m (115.0ms)[0m  [1mDROP DATABASE IF EXISTS "myflix_development"[0m
  [1m[35m (113.8ms)[0m  DROP DATABASE IF EXISTS "myflix_test"
  [1m[36m (227.4ms)[0m  [1mCREATE DATABASE "myflix_development" ENCODING = 'unicode'[0m
  [1m[35m (226.3ms)[0m  CREATE DATABASE "myflix_test" ENCODING = 'unicode'
  [1m[36mSQL (0.4ms)[0m  [1mCREATE EXTENSION IF NOT EXISTS "plpgsql"[0m
  [1m[35m (4.1ms)[0m  CREATE TABLE "followings" ("id" serial primary key, "user_id" integer, "followee_id" integer, "created_at" timestamp, "updated_at" timestamp) 
  [1m[36m (3.2ms)[0m  [1mCREATE TABLE "genres" ("id" serial primary key, "name" character varying(255), "slug" character varying(255)) [0m
  [1m[35m (2.3ms)[0m  CREATE TABLE "payments" ("id" serial primary key, "user_id" integer, "amount" integer, "reference_id" character varying(255)) 
  [1m[36m (2.2ms)[0m  [1mCREATE TABLE "queue_videos" ("id" serial primary key, "video_id" integer, "user_id" integer, "position" integer, "created_at" timestamp, "updated_at" timestamp) [0m
  [1m[35m (3.4ms)[0m  CREATE TABLE "reviews" ("id" serial primary key, "rating" integer, "review" text, "user_id" integer, "video_id" integer, "created_at" timestamp, "updated_at" timestamp) 
  [1m[36m (2.1ms)[0m  [1mCREATE TABLE "user_tokens" ("id" serial primary key, "token" character varying(255), "user_id" integer, "created_at" timestamp, "updated_at" timestamp) [0m
  [1m[35m (3.5ms)[0m  CREATE TABLE "users" ("id" serial primary key, "username" character varying(255), "full_name" character varying(255), "email" character varying(255), "password_digest" character varying(255), "slug" character varying(255), "created_at" timestamp, "updated_at" timestamp, "admin" boolean DEFAULT 'f', "stripe_id" character varying(255), "status" character varying(255) DEFAULT 'active') 
  [1m[36m (3.4ms)[0m  [1mCREATE TABLE "videos" ("id" serial primary key, "name" character varying(255), "year" character varying(255), "duration" character varying(255), "description" text, "slug" character varying(255), "created_at" timestamp, "updated_at" timestamp, "small_cover" character varying(255), "large_cover" character varying(255), "genre_id" integer, "video_url" character varying(255)) [0m
  [1m[35m (0.8ms)[0m  CREATE TABLE "schema_migrations" ("version" character varying(255) NOT NULL) 
  [1m[36m (1.1ms)[0m  [1mCREATE UNIQUE INDEX  "unique_schema_migrations" ON "schema_migrations"  ("version")[0m
  [1m[35m (0.3ms)[0m  SELECT version FROM "schema_migrations"
  [1m[36m (0.4ms)[0m  [1mINSERT INTO "schema_migrations" (version) VALUES ('20140901111420')[0m
  [1m[35m (0.4ms)[0m  INSERT INTO "schema_migrations" (version) VALUES ('20140611071209')
  [1m[36m (0.3ms)[0m  [1mINSERT INTO "schema_migrations" (version) VALUES ('20140611105152')[0m
  [1m[35m (0.4ms)[0m  INSERT INTO "schema_migrations" (version) VALUES ('20140613014307')
  [1m[36m (0.3ms)[0m  [1mINSERT INTO "schema_migrations" (version) VALUES ('20140613030009')[0m
  [1m[35m (0.3ms)[0m  INSERT INTO "schema_migrations" (version) VALUES ('20140613031347')
  [1m[36m (0.3ms)[0m  [1mINSERT INTO "schema_migrations" (version) VALUES ('20140613044724')[0m
  [1m[35m (0.3ms)[0m  INSERT INTO "schema_migrations" (version) VALUES ('20140621072422')
  [1m[36m (0.3ms)[0m  [1mINSERT INTO "schema_migrations" (version) VALUES ('20140629055948')[0m
  [1m[35m (0.3ms)[0m  INSERT INTO "schema_migrations" (version) VALUES ('20140702103627')
  [1m[36m (0.2ms)[0m  [1mINSERT INTO "schema_migrations" (version) VALUES ('20140720053518')[0m
  [1m[35m (0.2ms)[0m  INSERT INTO "schema_migrations" (version) VALUES ('20140725224815')
  [1m[36m (0.2ms)[0m  [1mINSERT INTO "schema_migrations" (version) VALUES ('20140731040850')[0m
  [1m[35m (0.2ms)[0m  INSERT INTO "schema_migrations" (version) VALUES ('20140807054251')
  [1m[36m (0.2ms)[0m  [1mINSERT INTO "schema_migrations" (version) VALUES ('20140807065227')[0m
  [1m[35m (0.2ms)[0m  INSERT INTO "schema_migrations" (version) VALUES ('20140809231436')
  [1m[36m (0.2ms)[0m  [1mINSERT INTO "schema_migrations" (version) VALUES ('20140810235525')[0m
  [1m[35m (0.2ms)[0m  INSERT INTO "schema_migrations" (version) VALUES ('20140829032727')
  [1m[36m (0.2ms)[0m  [1mINSERT INTO "schema_migrations" (version) VALUES ('20140829045825')[0m
  [1m[35mActiveRecord::SchemaMigration Load (0.1ms)[0m  SELECT "schema_migrations".* FROM "schema_migrations"
  [1m[36m (0.1ms)[0m  [1mBEGIN[0m
  [1m[35mGenre Exists (0.5ms)[0m  SELECT  1 AS one FROM "genres"  WHERE "genres"."name" = 'action' LIMIT 1
  [1m[36mSQL (0.3ms)[0m  [1mINSERT INTO "genres" ("name", "slug") VALUES ($1, $2) RETURNING "id"[0m  [["name", "action"], ["slug", "action"]]
  [1m[35m (0.3ms)[0m  COMMIT
  [1m[36m (0.0ms)[0m  [1mBEGIN[0m
  [1m[35mGenre Exists (0.2ms)[0m  SELECT  1 AS one FROM "genres"  WHERE "genres"."name" = 'sciFi' LIMIT 1
  [1m[36mSQL (0.1ms)[0m  [1mINSERT INTO "genres" ("name", "slug") VALUES ($1, $2) RETURNING "id"[0m  [["name", "sciFi"], ["slug", "scifi"]]
  [1m[35m (0.2ms)[0m  COMMIT
  [1m[36m (0.1ms)[0m  [1mBEGIN[0m
  [1m[35mGenre Exists (0.1ms)[0m  SELECT  1 AS one FROM "genres"  WHERE "genres"."name" = 'comedy' LIMIT 1
  [1m[36mSQL (0.1ms)[0m  [1mINSERT INTO "genres" ("name", "slug") VALUES ($1, $2) RETURNING "id"[0m  [["name", "comedy"], ["slug", "comedy"]]
  [1m[35m (0.2ms)[0m  COMMIT
  [1m[36m (0.1ms)[0m  [1mBEGIN[0m
  [1m[35mVideo Exists (0.3ms)[0m  SELECT  1 AS one FROM "videos"  WHERE "videos"."name" = 'gladiator' LIMIT 1
  [1m[36mSQL (0.4ms)[0m  [1mINSERT INTO "videos" ("created_at", "description", "duration", "genre_id", "large_cover", "name", "slug", "small_cover", "updated_at", "year") VALUES ($1, $2, $3, $4, $5, $6, $7, $8, $9, $10) RETURNING "id"[0m  [["created_at", "2014-09-26 21:35:51.217326"], ["description", "a man robbed of his name and his dignity strives to win them back, and gain the freedom of his people, in this epic historical drama from director Ridley Scott. In the year 180, the death of emperor Marcus Aurelius (Richard Harris) throws the Roman Empire into chaos. Maximus (Russell Crowe) is one of the Roman army's most capable and trusted generals and a key advisor to the emperor. As Marcus' devious son Commodus (Joaquin Phoenix) ascends to the throne, Maximus is set to be executed. He escapes, but is captured by slave traders. Renamed Spaniard and forced to become a gladiator, Maximus must battle to the death with other men for the amusement of paying audiences. His battle skills serve him well, and he becomes one of the most famous and admired men to fight in the Colosseum. Determined to avenge himself against the man who took away his freedom and laid waste to his family, Maximus believes that he can use his fame and skill in the ring to avenge the loss of his family and former glory. As the gladiator begins to challenge his rule, Commodus decides to put his own fighting mettle to the test by squaring off with Maximus in a battle to the death. Gladiator also features Derek Jacobi, Connie Nielsen, Djimon Hounsou, and Oliver Reed, who died of a heart attack midway through production. ~ Mark Deming, Rovi"], ["duration", "171"], ["genre_id", 1], ["large_cover", nil], ["name", "gladiator"], ["slug", "gladiator"], ["small_cover", nil], ["updated_at", "2014-09-26 21:35:51.217326"], ["year", "2000"]]
  [1m[35m (0.3ms)[0m  COMMIT
  [1m[36m (0.1ms)[0m  [1mBEGIN[0m
  [1m[35mVideo Exists (0.2ms)[0m  SELECT  1 AS one FROM "videos"  WHERE "videos"."name" = 'gladiator 2' LIMIT 1
  [1m[36mSQL (0.2ms)[0m  [1mINSERT INTO "videos" ("created_at", "description", "duration", "genre_id", "large_cover", "name", "slug", "small_cover", "updated_at", "year") VALUES ($1, $2, $3, $4, $5, $6, $7, $8, $9, $10) RETURNING "id"[0m  [["created_at", "2014-09-26 21:35:51.220374"], ["description", "a man robbed of his name and his dignity strives to win them back, and gain the freedom of his people, in this epic historical drama from director Ridley Scott. In the year 180, the death of emperor Marcus Aurelius (Richard Harris) throws the Roman Empire into chaos. Maximus (Russell Crowe) is one of the Roman army's most capable and trusted generals and a key advisor to the emperor. As Marcus' devious son Commodus (Joaquin Phoenix) ascends to the throne, Maximus is set to be executed. He escapes, but is captured by slave traders. Renamed Spaniard and forced to become a gladiator, Maximus must battle to the death with other men for the amusement of paying audiences. His battle skills serve him well, and he becomes one of the most famous and admired men to fight in the Colosseum. Determined to avenge himself against the man who took away his freedom and laid waste to his family, Maximus believes that he can use his fame and skill in the ring to avenge the loss of his family and former glory. As the gladiator begins to challenge his rule, Commodus decides to put his own fighting mettle to the test by squaring off with Maximus in a battle to the death. Gladiator also features Derek Jacobi, Connie Nielsen, Djimon Hounsou, and Oliver Reed, who died of a heart attack midway through production. ~ Mark Deming, Rovi"], ["duration", "171"], ["genre_id", 1], ["large_cover", nil], ["name", "gladiator 2"], ["slug", "gladiator_2"], ["small_cover", nil], ["updated_at", "2014-09-26 21:35:51.220374"], ["year", "2000"]]
  [1m[35m (0.3ms)[0m  COMMIT
  [1m[36m (0.1ms)[0m  [1mBEGIN[0m
  [1m[35mVideo Exists (0.2ms)[0m  SELECT  1 AS one FROM "videos"  WHERE "videos"."name" = 'gladiator 3' LIMIT 1
  [1m[36mSQL (0.2ms)[0m  [1mINSERT INTO "videos" ("created_at", "description", "duration", "genre_id", "large_cover", "name", "slug", "small_cover", "updated_at", "year") VALUES ($1, $2, $3, $4, $5, $6, $7, $8, $9, $10) RETURNING "id"[0m  [["created_at", "2014-09-26 21:35:51.222647"], ["description", "a man robbed of his name and his dignity strives to win them back, and gain the freedom of his people, in this epic historical drama from director Ridley Scott. In the year 180, the death of emperor Marcus Aurelius (Richard Harris) throws the Roman Empire into chaos. Maximus (Russell Crowe) is one of the Roman army's most capable and trusted generals and a key advisor to the emperor. As Marcus' devious son Commodus (Joaquin Phoenix) ascends to the throne, Maximus is set to be executed. He escapes, but is captured by slave traders. Renamed Spaniard and forced to become a gladiator, Maximus must battle to the death with other men for the amusement of paying audiences. His battle skills serve him well, and he becomes one of the most famous and admired men to fight in the Colosseum. Determined to avenge himself against the man who took away his freedom and laid waste to his family, Maximus believes that he can use his fame and skill in the ring to avenge the loss of his family and former glory. As the gladiator begins to challenge his rule, Commodus decides to put his own fighting mettle to the test by squaring off with Maximus in a battle to the death. Gladiator also features Derek Jacobi, Connie Nielsen, Djimon Hounsou, and Oliver Reed, who died of a heart attack midway through production. ~ Mark Deming, Rovi"], ["duration", "171"], ["genre_id", 1], ["large_cover", nil], ["name", "gladiator 3"], ["slug", "gladiator_3"], ["small_cover", nil], ["updated_at", "2014-09-26 21:35:51.222647"], ["year", "2000"]]
  [1m[35m (0.3ms)[0m  COMMIT
  [1m[36m (0.1ms)[0m  [1mBEGIN[0m
  [1m[35mVideo Exists (0.2ms)[0m  SELECT  1 AS one FROM "videos"  WHERE "videos"."name" = 'gladiator 4' LIMIT 1
  [1m[36mSQL (0.2ms)[0m  [1mINSERT INTO "videos" ("created_at", "description", "duration", "genre_id", "large_cover", "name", "slug", "small_cover", "updated_at", "year") VALUES ($1, $2, $3, $4, $5, $6, $7, $8, $9, $10) RETURNING "id"[0m  [["created_at", "2014-09-26 21:35:51.224821"], ["description", "a man robbed of his name and his dignity strives to win them back, and gain the freedom of his people, in this epic historical drama from director Ridley Scott. In the year 180, the death of emperor Marcus Aurelius (Richard Harris) throws the Roman Empire into chaos. Maximus (Russell Crowe) is one of the Roman army's most capable and trusted generals and a key advisor to the emperor. As Marcus' devious son Commodus (Joaquin Phoenix) ascends to the throne, Maximus is set to be executed. He escapes, but is captured by slave traders. Renamed Spaniard and forced to become a gladiator, Maximus must battle to the death with other men for the amusement of paying audiences. His battle skills serve him well, and he becomes one of the most famous and admired men to fight in the Colosseum. Determined to avenge himself against the man who took away his freedom and laid waste to his family, Maximus believes that he can use his fame and skill in the ring to avenge the loss of his family and former glory. As the gladiator begins to challenge his rule, Commodus decides to put his own fighting mettle to the test by squaring off with Maximus in a battle to the death. Gladiator also features Derek Jacobi, Connie Nielsen, Djimon Hounsou, and Oliver Reed, who died of a heart attack midway through production. ~ Mark Deming, Rovi"], ["duration", "171"], ["genre_id", 1], ["large_cover", nil], ["name", "gladiator 4"], ["slug", "gladiator_4"], ["small_cover", nil], ["updated_at", "2014-09-26 21:35:51.224821"], ["year", "2000"]]
  [1m[35m (0.3ms)[0m  COMMIT
  [1m[36m (0.1ms)[0m  [1mBEGIN[0m
  [1m[35mVideo Exists (0.2ms)[0m  SELECT  1 AS one FROM "videos"  WHERE "videos"."name" = 'gladiator 5' LIMIT 1
  [1m[36mSQL (0.2ms)[0m  [1mINSERT INTO "videos" ("created_at", "description", "duration", "genre_id", "large_cover", "name", "slug", "small_cover", "updated_at", "year") VALUES ($1, $2, $3, $4, $5, $6, $7, $8, $9, $10) RETURNING "id"[0m  [["created_at", "2014-09-26 21:35:51.226883"], ["description", "a man robbed of his name and his dignity strives to win them back, and gain the freedom of his people, in this epic historical drama from director Ridley Scott. In the year 180, the death of emperor Marcus Aurelius (Richard Harris) throws the Roman Empire into chaos. Maximus (Russell Crowe) is one of the Roman army's most capable and trusted generals and a key advisor to the emperor. As Marcus' devious son Commodus (Joaquin Phoenix) ascends to the throne, Maximus is set to be executed. He escapes, but is captured by slave traders. Renamed Spaniard and forced to become a gladiator, Maximus must battle to the death with other men for the amusement of paying audiences. His battle skills serve him well, and he becomes one of the most famous and admired men to fight in the Colosseum. Determined to avenge himself against the man who took away his freedom and laid waste to his family, Maximus believes that he can use his fame and skill in the ring to avenge the loss of his family and former glory. As the gladiator begins to challenge his rule, Commodus decides to put his own fighting mettle to the test by squaring off with Maximus in a battle to the death. Gladiator also features Derek Jacobi, Connie Nielsen, Djimon Hounsou, and Oliver Reed, who died of a heart attack midway through production. ~ Mark Deming, Rovi"], ["duration", "171"], ["genre_id", 1], ["large_cover", nil], ["name", "gladiator 5"], ["slug", "gladiator_5"], ["small_cover", nil], ["updated_at", "2014-09-26 21:35:51.226883"], ["year", "2000"]]
  [1m[35m (0.3ms)[0m  COMMIT
  [1m[36m (0.1ms)[0m  [1mBEGIN[0m
  [1m[35mVideo Exists (0.2ms)[0m  SELECT  1 AS one FROM "videos"  WHERE "videos"."name" = 'gladiator 6' LIMIT 1
  [1m[36mSQL (0.4ms)[0m  [1mINSERT INTO "videos" ("created_at", "description", "duration", "genre_id", "large_cover", "name", "slug", "small_cover", "updated_at", "year") VALUES ($1, $2, $3, $4, $5, $6, $7, $8, $9, $10) RETURNING "id"[0m  [["created_at", "2014-09-26 21:35:51.229041"], ["description", "a man robbed of his name and his dignity strives to win them back, and gain the freedom of his people, in this epic historical drama from director Ridley Scott. In the year 180, the death of emperor Marcus Aurelius (Richard Harris) throws the Roman Empire into chaos. Maximus (Russell Crowe) is one of the Roman army's most capable and trusted generals and a key advisor to the emperor. As Marcus' devious son Commodus (Joaquin Phoenix) ascends to the throne, Maximus is set to be executed. He escapes, but is captured by slave traders. Renamed Spaniard and forced to become a gladiator, Maximus must battle to the death with other men for the amusement of paying audiences. His battle skills serve him well, and he becomes one of the most famous and admired men to fight in the Colosseum. Determined to avenge himself against the man who took away his freedom and laid waste to his family, Maximus believes that he can use his fame and skill in the ring to avenge the loss of his family and former glory. As the gladiator begins to challenge his rule, Commodus decides to put his own fighting mettle to the test by squaring off with Maximus in a battle to the death. Gladiator also features Derek Jacobi, Connie Nielsen, Djimon Hounsou, and Oliver Reed, who died of a heart attack midway through production. ~ Mark Deming, Rovi"], ["duration", "171"], ["genre_id", 1], ["large_cover", nil], ["name", "gladiator 6"], ["slug", "gladiator_6"], ["small_cover", nil], ["updated_at", "2014-09-26 21:35:51.229041"], ["year", "2000"]]
  [1m[35m (0.3ms)[0m  COMMIT
  [1m[36m (0.1ms)[0m  [1mBEGIN[0m
  [1m[35mVideo Exists (0.2ms)[0m  SELECT  1 AS one FROM "videos"  WHERE "videos"."name" = 'gladiator 7' LIMIT 1
  [1m[36mSQL (0.2ms)[0m  [1mINSERT INTO "videos" ("created_at", "description", "duration", "genre_id", "large_cover", "name", "slug", "small_cover", "updated_at", "year") VALUES ($1, $2, $3, $4, $5, $6, $7, $8, $9, $10) RETURNING "id"[0m  [["created_at", "2014-09-26 21:35:51.231361"], ["description", "a man robbed of his name and his dignity strives to win them back, and gain the freedom of his people, in this epic historical drama from director Ridley Scott. In the year 180, the death of emperor Marcus Aurelius (Richard Harris) throws the Roman Empire into chaos. Maximus (Russell Crowe) is one of the Roman army's most capable and trusted generals and a key advisor to the emperor. As Marcus' devious son Commodus (Joaquin Phoenix) ascends to the throne, Maximus is set to be executed. He escapes, but is captured by slave traders. Renamed Spaniard and forced to become a gladiator, Maximus must battle to the death with other men for the amusement of paying audiences. His battle skills serve him well, and he becomes one of the most famous and admired men to fight in the Colosseum. Determined to avenge himself against the man who took away his freedom and laid waste to his family, Maximus believes that he can use his fame and skill in the ring to avenge the loss of his family and former glory. As the gladiator begins to challenge his rule, Commodus decides to put his own fighting mettle to the test by squaring off with Maximus in a battle to the death. Gladiator also features Derek Jacobi, Connie Nielsen, Djimon Hounsou, and Oliver Reed, who died of a heart attack midway through production. ~ Mark Deming, Rovi"], ["duration", "171"], ["genre_id", 1], ["large_cover", nil], ["name", "gladiator 7"], ["slug", "gladiator_7"], ["small_cover", nil], ["updated_at", "2014-09-26 21:35:51.231361"], ["year", "2000"]]
  [1m[35m (0.3ms)[0m  COMMIT
  [1m[36m (0.1ms)[0m  [1mBEGIN[0m
  [1m[35mVideo Exists (0.2ms)[0m  SELECT  1 AS one FROM "videos"  WHERE "videos"."name" = 'shaun of the Dead' LIMIT 1
  [1m[36mSQL (0.2ms)[0m  [1mINSERT INTO "videos" ("created_at", "description", "duration", "genre_id", "large_cover", "name", "slug", "small_cover", "updated_at", "year") VALUES ($1, $2, $3, $4, $5, $6, $7, $8, $9, $10) RETURNING "id"[0m  [["created_at", "2014-09-26 21:35:51.233472"], ["description", "it's often said that the true character of a man is only revealed in times of dire crisis, and for likable, lovelorn loser Shaun (Simon Pegg), that moment of reckoning came when the dead rose from their slumber to feast on the flesh of the living. A hapless electronics store employee who spends most of his spare time downing pints at the local pub with his roommate, Ed (Nick Frost), Shaun's life seems to fall apart when he is dumped by his girlfriend, Liz (Kate Ashfield), and his obnoxious stepfather, Philip (Bill Nighy), shows up to berate him for not being more attentive to his caring mother Barbara (Penelope Wilton) -- especially since he forgot to send flowers for her birthday. Things take a turn for the worse when the dead return to stake their claim on the Earth, and though the chaos that follows threatens to swallow up all of England, it's up to Shaun to keep his cool and prove himself once and for all by successfully rescuing Liz and his mother. With his trusty roommate by his side, nothing -- not even the living dead -- can stand between Shaun and the two most important women in his life. ~ Jason Buchanan, Rovi"], ["duration", "97"], ["genre_id", 3], ["large_cover", nil], ["name", "shaun of the Dead"], ["slug", "shaun_of_the_dead"], ["small_cover", nil], ["updated_at", "2014-09-26 21:35:51.233472"], ["year", "2004"]]
  [1m[35m (0.3ms)[0m  COMMIT
  [1m[36m (0.1ms)[0m  [1mBEGIN[0m
  [1m[35mVideo Exists (0.2ms)[0m  SELECT  1 AS one FROM "videos"  WHERE "videos"."name" = 'avatar' LIMIT 1
  [1m[36mSQL (0.2ms)[0m  [1mINSERT INTO "videos" ("created_at", "description", "duration", "genre_id", "large_cover", "name", "slug", "small_cover", "updated_at", "year") VALUES ($1, $2, $3, $4, $5, $6, $7, $8, $9, $10) RETURNING "id"[0m  [["created_at", "2014-09-26 21:35:51.235611"], ["description", "avatar is the story of an ex-Marine who finds himself thrust into hostilities on an alien planet filled with exotic life forms. As an Avatar, a human mind in an alien body, he finds himself torn between two worlds, in a desperate fight for his own survival and that of the indigenous people."], ["duration", "162"], ["genre_id", 2], ["large_cover", nil], ["name", "avatar"], ["slug", "avatar"], ["small_cover", nil], ["updated_at", "2014-09-26 21:35:51.235611"], ["year", "2009"]]
  [1m[35m (0.4ms)[0m  COMMIT


Started GET "/" for 127.0.0.1 at 2014-09-26 15:36:23 -0600
Processing by PagesController#front as HTML
  Rendered pages/front.html.haml within layouts/application (2.1ms)
WARNING on line 20 of /Users/berry.north/rails_class/bn-myflix/app/assets/stylesheets/user.sass:
This selector doesn't have any properties and will not be rendered.

  Rendered shared/_header.html.haml (2.7ms)
  Rendered shared/_messages.html.haml (0.8ms)
Completed 200 OK in 1471ms (Views: 1464.1ms | ActiveRecord: 0.0ms)


Started GET "/assets/application.css?body=1" for 127.0.0.1 at 2014-09-26 15:36:25 -0600


Started GET "/assets/bootstrap.css?body=1" for 127.0.0.1 at 2014-09-26 15:36:25 -0600


Started GET "/assets/whitespace-reset.css?body=1" for 127.0.0.1 at 2014-09-26 15:36:25 -0600


Started GET "/assets/account_and_billing.css?body=1" for 127.0.0.1 at 2014-09-26 15:36:25 -0600


Started GET "/assets/admin.css?body=1" for 127.0.0.1 at 2014-09-26 15:36:25 -0600


Started GET "/assets/general.css?body=1" for 127.0.0.1 at 2014-09-26 15:36:25 -0600


Started GET "/assets/genre.css?body=1" for 127.0.0.1 at 2014-09-26 15:36:25 -0600


Started GET "/assets/invite.css?body=1" for 127.0.0.1 at 2014-09-26 15:36:25 -0600


Started GET "/assets/people.css?body=1" for 127.0.0.1 at 2014-09-26 15:36:25 -0600


Started GET "/assets/public_pages.css?body=1" for 127.0.0.1 at 2014-09-26 15:36:25 -0600


Started GET "/assets/home.css?body=1" for 127.0.0.1 at 2014-09-26 15:36:25 -0600


Started GET "/assets/header.css?body=1" for 127.0.0.1 at 2014-09-26 15:36:25 -0600


Started GET "/assets/queue.css?body=1" for 127.0.0.1 at 2014-09-26 15:36:25 -0600


Started GET "/assets/videos.css?body=1" for 127.0.0.1 at 2014-09-26 15:36:25 -0600


Started GET "/assets/jquery.js?body=1" for 127.0.0.1 at 2014-09-26 15:36:25 -0600


Started GET "/assets/jquery_ujs.js?body=1" for 127.0.0.1 at 2014-09-26 15:36:25 -0600


Started GET "/assets/user.css?body=1" for 127.0.0.1 at 2014-09-26 15:36:25 -0600


Started GET "/assets/bootstrap/affix.js?body=1" for 127.0.0.1 at 2014-09-26 15:36:25 -0600


Started GET "/assets/bootstrap/button.js?body=1" for 127.0.0.1 at 2014-09-26 15:36:25 -0600


Started GET "/assets/bootstrap/carousel.js?body=1" for 127.0.0.1 at 2014-09-26 15:36:25 -0600


Started GET "/assets/bootstrap/alert.js?body=1" for 127.0.0.1 at 2014-09-26 15:36:25 -0600


Started GET "/assets/bootstrap/collapse.js?body=1" for 127.0.0.1 at 2014-09-26 15:36:25 -0600


Started GET "/assets/bootstrap/dropdown.js?body=1" for 127.0.0.1 at 2014-09-26 15:36:25 -0600


Started GET "/assets/bootstrap/tab.js?body=1" for 127.0.0.1 at 2014-09-26 15:36:25 -0600


Started GET "/assets/bootstrap/transition.js?body=1" for 127.0.0.1 at 2014-09-26 15:36:25 -0600


Started GET "/assets/bootstrap/scrollspy.js?body=1" for 127.0.0.1 at 2014-09-26 15:36:25 -0600


Started GET "/assets/bootstrap/modal.js?body=1" for 127.0.0.1 at 2014-09-26 15:36:25 -0600


Started GET "/assets/bootstrap/tooltip.js?body=1" for 127.0.0.1 at 2014-09-26 15:36:25 -0600


Started GET "/assets/bootstrap/popover.js?body=1" for 127.0.0.1 at 2014-09-26 15:36:25 -0600


Started GET "/assets/bootstrap.js?body=1" for 127.0.0.1 at 2014-09-26 15:36:25 -0600


Started GET "/assets/application.js?body=1" for 127.0.0.1 at 2014-09-26 15:36:25 -0600


Started GET "/register" for 127.0.0.1 at 2014-09-26 15:36:30 -0600
Processing by UsersController#new as HTML
  Rendered users/new.html.haml within layouts/application (181.2ms)
  Rendered shared/_header.html.haml (0.2ms)
  Rendered shared/_messages.html.haml (0.1ms)
Completed 200 OK in 225ms (Views: 189.4ms | ActiveRecord: 3.9ms)


Started GET "/assets/application.css?body=1" for 127.0.0.1 at 2014-09-26 15:36:30 -0600


Started GET "/assets/bootstrap.css?body=1" for 127.0.0.1 at 2014-09-26 15:36:30 -0600


Started GET "/assets/whitespace-reset.css?body=1" for 127.0.0.1 at 2014-09-26 15:36:30 -0600


Started GET "/assets/account_and_billing.css?body=1" for 127.0.0.1 at 2014-09-26 15:36:30 -0600


Started GET "/assets/admin.css?body=1" for 127.0.0.1 at 2014-09-26 15:36:30 -0600


Started GET "/assets/general.css?body=1" for 127.0.0.1 at 2014-09-26 15:36:30 -0600


Started GET "/assets/genre.css?body=1" for 127.0.0.1 at 2014-09-26 15:36:30 -0600


Started GET "/assets/header.css?body=1" for 127.0.0.1 at 2014-09-26 15:36:30 -0600


Started GET "/assets/home.css?body=1" for 127.0.0.1 at 2014-09-26 15:36:30 -0600


Started GET "/assets/invite.css?body=1" for 127.0.0.1 at 2014-09-26 15:36:30 -0600


Started GET "/assets/people.css?body=1" for 127.0.0.1 at 2014-09-26 15:36:30 -0600


Started GET "/assets/public_pages.css?body=1" for 127.0.0.1 at 2014-09-26 15:36:30 -0600


Started GET "/assets/queue.css?body=1" for 127.0.0.1 at 2014-09-26 15:36:30 -0600


Started GET "/assets/user.css?body=1" for 127.0.0.1 at 2014-09-26 15:36:30 -0600


Started GET "/assets/videos.css?body=1" for 127.0.0.1 at 2014-09-26 15:36:30 -0600


Started GET "/assets/jquery.js?body=1" for 127.0.0.1 at 2014-09-26 15:36:30 -0600


Started GET "/assets/jquery_ujs.js?body=1" for 127.0.0.1 at 2014-09-26 15:36:30 -0600


Started GET "/assets/bootstrap/affix.js?body=1" for 127.0.0.1 at 2014-09-26 15:36:30 -0600


Started GET "/assets/bootstrap/alert.js?body=1" for 127.0.0.1 at 2014-09-26 15:36:30 -0600


Started GET "/assets/bootstrap/button.js?body=1" for 127.0.0.1 at 2014-09-26 15:36:30 -0600


Started GET "/assets/bootstrap/carousel.js?body=1" for 127.0.0.1 at 2014-09-26 15:36:30 -0600


Started GET "/assets/bootstrap/collapse.js?body=1" for 127.0.0.1 at 2014-09-26 15:36:30 -0600


Started GET "/assets/bootstrap/dropdown.js?body=1" for 127.0.0.1 at 2014-09-26 15:36:30 -0600


Started GET "/assets/bootstrap/tab.js?body=1" for 127.0.0.1 at 2014-09-26 15:36:30 -0600


Started GET "/assets/bootstrap/transition.js?body=1" for 127.0.0.1 at 2014-09-26 15:36:30 -0600


Started GET "/assets/bootstrap/scrollspy.js?body=1" for 127.0.0.1 at 2014-09-26 15:36:30 -0600


Started GET "/assets/bootstrap/modal.js?body=1" for 127.0.0.1 at 2014-09-26 15:36:30 -0600


Started GET "/assets/bootstrap/tooltip.js?body=1" for 127.0.0.1 at 2014-09-26 15:36:30 -0600


Started GET "/assets/bootstrap/popover.js?body=1" for 127.0.0.1 at 2014-09-26 15:36:30 -0600


Started GET "/assets/bootstrap.js?body=1" for 127.0.0.1 at 2014-09-26 15:36:30 -0600


Started GET "/assets/application.js?body=1" for 127.0.0.1 at 2014-09-26 15:36:30 -0600


Started GET "/assets/payments.js?body=1" for 127.0.0.1 at 2014-09-26 15:36:30 -0600


Started POST "/users" for 127.0.0.1 at 2014-09-26 15:37:01 -0600
Processing by UsersController#create as HTML
  Parameters: {"utf8"=>"✓", "authenticity_token"=>"0HmLxmEoa+7tuor4gXyoD84C5gsVKVkVTKvoVRhij8E=", "user"=>{"username"=>"admin", "full_name"=>"admin dude", "email"=>"admin@myflix.com", "password"=>"[FILTERED]", "password_confirmation"=>"[FILTERED]"}, "token"=>""}
  [1m[36mUser Exists (0.8ms)[0m  [1mSELECT  1 AS one FROM "users"  WHERE "users"."email" = 'admin@myflix.com' LIMIT 1[0m
  [1m[35mUser Exists (0.2ms)[0m  SELECT  1 AS one FROM "users"  WHERE "users"."username" = 'admin' LIMIT 1
Completed 500 Internal Server Error in 70ms

Stripe::AuthenticationError - No API key provided. Set your API key using "Stripe.api_key = <API-KEY>". You can generate API keys from the Stripe web interface. See https://stripe.com/api for details, or email support@stripe.com if you have any questions.:
  stripe (1.15.0) lib/stripe.rb:71:in `request'
  stripe (1.15.0) lib/stripe/api_operations/create.rb:6:in `create'
  app/models/stripe_wrapper.rb:41:in `create'
  app/services/user_signup.rb:12:in `sign_up'
  app/controllers/users_controller.rb:11:in `create'
  actionpack (4.1.1) lib/action_controller/metal/implicit_render.rb:4:in `send_action'
  actionpack (4.1.1) lib/abstract_controller/base.rb:189:in `process_action'
  actionpack (4.1.1) lib/action_controller/metal/rendering.rb:10:in `process_action'
  actionpack (4.1.1) lib/abstract_controller/callbacks.rb:20:in `block in process_action'
  activesupport (4.1.1) lib/active_support/callbacks.rb:113:in `call'
  activesupport (4.1.1) lib/active_support/callbacks.rb:149:in `block in halting_and_conditional'
  activesupport (4.1.1) lib/active_support/callbacks.rb:229:in `block in halting'
  activesupport (4.1.1) lib/active_support/callbacks.rb:166:in `block in halting'
  activesupport (4.1.1) lib/active_support/callbacks.rb:86:in `run_callbacks'
  actionpack (4.1.1) lib/abstract_controller/callbacks.rb:19:in `process_action'
  actionpack (4.1.1) lib/action_controller/metal/rescue.rb:29:in `process_action'
  actionpack (4.1.1) lib/action_controller/metal/instrumentation.rb:31:in `block in process_action'
  activesupport (4.1.1) lib/active_support/notifications.rb:159:in `block in instrument'
  activesupport (4.1.1) lib/active_support/notifications/instrumenter.rb:20:in `instrument'
  activesupport (4.1.1) lib/active_support/notifications.rb:159:in `instrument'
  actionpack (4.1.1) lib/action_controller/metal/instrumentation.rb:30:in `process_action'
  actionpack (4.1.1) lib/action_controller/metal/params_wrapper.rb:250:in `process_action'
  activerecord (4.1.1) lib/active_record/railties/controller_runtime.rb:18:in `process_action'
  actionpack (4.1.1) lib/abstract_controller/base.rb:136:in `process'
  actionview (4.1.1) lib/action_view/rendering.rb:30:in `process'
  actionpack (4.1.1) lib/action_controller/metal.rb:195:in `dispatch'
  actionpack (4.1.1) lib/action_controller/metal/rack_delegation.rb:13:in `dispatch'
  actionpack (4.1.1) lib/action_controller/metal.rb:231:in `block in action'
  actionpack (4.1.1) lib/action_dispatch/routing/route_set.rb:80:in `dispatch'
  actionpack (4.1.1) lib/action_dispatch/routing/route_set.rb:48:in `call'
  actionpack (4.1.1) lib/action_dispatch/journey/router.rb:71:in `block in call'
  actionpack (4.1.1) lib/action_dispatch/journey/router.rb:59:in `call'
  actionpack (4.1.1) lib/action_dispatch/routing/route_set.rb:676:in `call'
  rack (1.5.2) lib/rack/etag.rb:23:in `call'
  rack (1.5.2) lib/rack/conditionalget.rb:35:in `call'
  rack (1.5.2) lib/rack/head.rb:11:in `call'
  actionpack (4.1.1) lib/action_dispatch/middleware/params_parser.rb:27:in `call'
  actionpack (4.1.1) lib/action_dispatch/middleware/flash.rb:254:in `call'
  rack (1.5.2) lib/rack/session/abstract/id.rb:225:in `context'
  rack (1.5.2) lib/rack/session/abstract/id.rb:220:in `call'
  actionpack (4.1.1) lib/action_dispatch/middleware/cookies.rb:560:in `call'
  activerecord (4.1.1) lib/active_record/query_cache.rb:36:in `call'
  activerecord (4.1.1) lib/active_record/connection_adapters/abstract/connection_pool.rb:621:in `call'
  actionpack (4.1.1) lib/action_dispatch/middleware/callbacks.rb:29:in `block in call'
  activesupport (4.1.1) lib/active_support/callbacks.rb:82:in `run_callbacks'
  actionpack (4.1.1) lib/action_dispatch/middleware/callbacks.rb:27:in `call'
  actionpack (4.1.1) lib/action_dispatch/middleware/reloader.rb:73:in `call'
  actionpack (4.1.1) lib/action_dispatch/middleware/remote_ip.rb:76:in `call'
  better_errors (1.0.1) lib/better_errors/middleware.rb:84:in `protected_app_call'
  better_errors (1.0.1) lib/better_errors/middleware.rb:79:in `better_errors_call'
  better_errors (1.0.1) lib/better_errors/middleware.rb:56:in `call'
  actionpack (4.1.1) lib/action_dispatch/middleware/debug_exceptions.rb:17:in `call'
  actionpack (4.1.1) lib/action_dispatch/middleware/show_exceptions.rb:30:in `call'
  railties (4.1.1) lib/rails/rack/logger.rb:38:in `call_app'
  railties (4.1.1) lib/rails/rack/logger.rb:20:in `block in call'
  activesupport (4.1.1) lib/active_support/tagged_logging.rb:68:in `block in tagged'
  activesupport (4.1.1) lib/active_support/tagged_logging.rb:26:in `tagged'
  activesupport (4.1.1) lib/active_support/tagged_logging.rb:68:in `tagged'
  railties (4.1.1) lib/rails/rack/logger.rb:20:in `call'
  actionpack (4.1.1) lib/action_dispatch/middleware/request_id.rb:21:in `call'
  rack (1.5.2) lib/rack/methodoverride.rb:21:in `call'
  rack (1.5.2) lib/rack/runtime.rb:17:in `call'
  activesupport (4.1.1) lib/active_support/cache/strategy/local_cache_middleware.rb:26:in `call'
  rack (1.5.2) lib/rack/lock.rb:17:in `call'
  actionpack (4.1.1) lib/action_dispatch/middleware/static.rb:64:in `call'
  rack (1.5.2) lib/rack/sendfile.rb:112:in `call'
  sentry-raven (0.9.4) lib/raven/rack.rb:59:in `call'
  railties (4.1.1) lib/rails/engine.rb:514:in `call'
  railties (4.1.1) lib/rails/application.rb:144:in `call'
  rack (1.5.2) lib/rack/content_length.rb:14:in `call'
  thin (1.5.0) lib/thin/connection.rb:81:in `block in pre_process'
  thin (1.5.0) lib/thin/connection.rb:79:in `pre_process'
  thin (1.5.0) lib/thin/connection.rb:54:in `process'
  thin (1.5.0) lib/thin/connection.rb:39:in `receive_data'
  eventmachine (1.0.0) lib/eventmachine.rb:187:in `run'
  thin (1.5.0) lib/thin/backends/base.rb:63:in `start'
  thin (1.5.0) lib/thin/server.rb:159:in `start'
  rack (1.5.2) lib/rack/handler/thin.rb:16:in `run'
  rack (1.5.2) lib/rack/server.rb:264:in `start'
  railties (4.1.1) lib/rails/commands/server.rb:69:in `start'
  railties (4.1.1) lib/rails/commands/commands_tasks.rb:81:in `block in server'
  railties (4.1.1) lib/rails/commands/commands_tasks.rb:76:in `server'
  railties (4.1.1) lib/rails/commands/commands_tasks.rb:40:in `run_command!'
  railties (4.1.1) lib/rails/commands.rb:17:in `<top (required)>'
  bin/rails:4:in `<main>'



Started POST "/__better_errors/70287041771120/variables" for 127.0.0.1 at 2014-09-26 15:37:02 -0600


Started POST "/__better_errors/70287041771120/variables" for 127.0.0.1 at 2014-09-26 15:40:08 -0600


Started POST "/__better_errors/70287041771120/variables" for 127.0.0.1 at 2014-09-26 15:40:11 -0600
